0 info it worked if it ends with ok
1 verbose cli [ '/usr/local/bin/node', '/usr/local/bin/npm', 'run', 'test' ]
2 info using npm@3.8.1
3 info using node@v4.2.0
4 verbose run-script [ 'pretest', 'test', 'posttest' ]
5 info lifecycle tubeview2@1.0.0~pretest: tubeview2@1.0.0
6 silly lifecycle tubeview2@1.0.0~pretest: no script for pretest, continuing
7 info lifecycle tubeview2@1.0.0~test: tubeview2@1.0.0
8 verbose lifecycle tubeview2@1.0.0~test: unsafe-perm in lifecycle true
9 verbose lifecycle tubeview2@1.0.0~test: PATH: /usr/local/lib/node_modules/npm/bin/node-gyp-bin:/Users/adamsmith/proj/tubeview2/node_modules/.bin:/usr/local/bin:/Users/adamsmith/.sdkman/candidates/grails/current/bin:/usr/local/bin:/usr/bin:/bin:/usr/sbin:/sbin:/Users/adamsmith/tools
10 verbose lifecycle tubeview2@1.0.0~test: CWD: /Users/adamsmith/proj/tubeview2
11 silly lifecycle tubeview2@1.0.0~test: Args: [ '-c', 'grunt test' ]
12 silly lifecycle tubeview2@1.0.0~test: Returned: code: 3  signal: null
13 info lifecycle tubeview2@1.0.0~test: Failed to exec test script
14 verbose stack Error: tubeview2@1.0.0 test: `grunt test`
14 verbose stack Exit status 3
14 verbose stack     at EventEmitter.<anonymous> (/usr/local/lib/node_modules/npm/lib/utils/lifecycle.js:239:16)
14 verbose stack     at emitTwo (events.js:87:13)
14 verbose stack     at EventEmitter.emit (events.js:172:7)
14 verbose stack     at ChildProcess.<anonymous> (/usr/local/lib/node_modules/npm/lib/utils/spawn.js:24:14)
14 verbose stack     at emitTwo (events.js:87:13)
14 verbose stack     at ChildProcess.emit (events.js:172:7)
14 verbose stack     at maybeClose (internal/child_process.js:818:16)
14 verbose stack     at Process.ChildProcess._handle.onexit (internal/child_process.js:211:5)
15 verbose pkgid tubeview2@1.0.0
16 verbose cwd /Users/adamsmith/proj/tubeview2
17 error Darwin 15.3.0
18 error argv "/usr/local/bin/node" "/usr/local/bin/npm" "run" "test"
19 error node v4.2.0
20 error npm  v3.8.1
21 error code ELIFECYCLE
22 error tubeview2@1.0.0 test: `grunt test`
22 error Exit status 3
23 error Failed at the tubeview2@1.0.0 test script 'grunt test'.
23 error Make sure you have the latest version of node.js and npm installed.
23 error If you do, this is most likely a problem with the tubeview2 package,
23 error not with npm itself.
23 error Tell the author that this fails on your system:
23 error     grunt test
23 error You can get information on how to open an issue for this project with:
23 error     npm bugs tubeview2
23 error Or if that isn't available, you can get their info via:
23 error     npm owner ls tubeview2
23 error There is likely additional logging output above.
24 verbose exit [ 1, true ]
